2021-06-23 16:16:20,209:INFO:The number of words having ending with "ing" is: 3
2021-06-23 16:16:20,210:INFO:The number of words having prefix "To" is : 1
2021-06-23 16:16:20,210:INFO:Maximum char is: surfing
2021-06-23 16:16:20,211:INFO:The Palindrome is: malayalam
2021-06-23 16:16:20,211:INFO:: ['surfing']
2021-06-23 16:16:20,212:INFO:: ['Todolist']
2021-06-23 16:16:20,212:INFO:: ['parking']
2021-06-23 16:16:20,212:INFO:: ['dogs']
2021-06-23 16:16:20,212:INFO:: ['cat']
2021-06-23 16:16:20,212:INFO:: ['surfing']
2021-06-23 16:16:20,212:INFO:: ['malayalam']
2021-06-23 16:16:20,212:INFO:: ['unhappy']
2021-06-23 16:16:20,213:INFO:: ['encyclopediau']
2021-06-23 16:16:20,213:INFO:: ['seequoiaL']
2021-06-23 16:16:20,213:INFO:: ['computer']
2021-06-23 16:16:20,215:INFO:: ['science']
2021-06-23 16:16:20,215:INFO:: ['ADF']
2021-06-23 16:16:20,215:INFO:: ['data']
2021-06-23 16:16:20,215:INFO:: ['science']
2021-06-23 16:16:20,216:INFO:: ['GFGaBste4oCS']
2021-06-23 16:16:20,216:INFO:The Palindrome is: malayalam
2021-06-23 16:16:20,216:INFO:: {0: 'surfing', 1: 'Todolist', 2: 'parking', 3: 'dogs', 4: 'cat', 6: 'malayalam', 7: 'unhappy', 8: 'encyclopediau', 9: 'seequoiaL', 10: 'computer', 11: 'science', 12: 'ADF', 13: 'data', 15: 'GFGaBste4oCS'}
2021-06-23 16:16:20,217:INFO:: ['s', 'rf', 'ng']
2021-06-23 16:16:20,217:INFO:: ['T', 'd', 'l', 'st']
2021-06-23 16:16:20,217:INFO:: ['p', 'rk', 'ng']
2021-06-23 16:16:20,217:INFO:: ['d', 'gs']
2021-06-23 16:16:20,218:INFO:: ['c', 't']
2021-06-23 16:16:20,218:INFO:: ['s', 'rf', 'ng']
2021-06-23 16:16:20,218:INFO:: ['m', 'l', 'y', 'l', 'm']
2021-06-23 16:16:20,218:INFO:: ['', 'nh', 'ppy']
2021-06-23 16:16:20,218:INFO:: ['', 'ncycl', 'p', 'd', '', '', '']
2021-06-23 16:16:20,218:INFO:: ['s', '', 'q', '', '', '', 'L']
2021-06-23 16:16:20,218:INFO:: ['c', 'mp', 't', 'r']
2021-06-23 16:16:20,218:INFO:: ['sc', '', 'nc', '']
2021-06-23 16:16:20,219:INFO:: ['ADF']
2021-06-23 16:16:20,219:INFO:: ['d', 't', '']
2021-06-23 16:16:20,219:INFO:: ['sc', '', 'nc', '']
2021-06-23 16:16:20,219:INFO:: ['GFG', 'Bst', '4', 'CS']
2021-06-23 16:16:20,219:INFO:: ['srfng', 'Tdlst', 'prkng', 'dgs', 'ct', 'srfng', 'mlylm', 'nhppy', 'ncyclpd', 'sqL', 'cmptr', 'scnc', 'ADF', 'dt', 'scnc', 'GFGBst4CS']
2021-06-23 16:16:29,575:INFO:The number of words having ending with "ing" is: 3
2021-06-23 16:16:29,575:INFO:The number of words having prefix "To" is : 1
2021-06-23 16:16:29,576:INFO:Maximum char is: surfing
2021-06-23 16:16:29,576:INFO:The Palindrome is: malayalam
2021-06-23 16:16:29,577:INFO:: ['surfing']
2021-06-23 16:16:29,577:INFO:: ['Todolist']
2021-06-23 16:16:29,577:INFO:: ['parking']
2021-06-23 16:16:29,577:INFO:: ['dogs']
2021-06-23 16:16:29,577:INFO:: ['cat']
2021-06-23 16:16:29,577:INFO:: ['surfing']
2021-06-23 16:16:29,577:INFO:: ['malayalam']
2021-06-23 16:16:29,577:INFO:: ['unhappy']
2021-06-23 16:16:29,577:INFO:: ['encyclopediau']
2021-06-23 16:16:29,578:INFO:: ['seequoiaL']
2021-06-23 16:16:29,578:INFO:: ['computer']
2021-06-23 16:16:29,578:INFO:: ['science']
2021-06-23 16:16:29,578:INFO:: ['ADF']
2021-06-23 16:16:29,578:INFO:: ['data']
2021-06-23 16:16:29,578:INFO:: ['science']
2021-06-23 16:16:29,578:INFO:: ['GFGaBste4oCS']
2021-06-23 16:16:29,579:INFO:The Palindrome is: malayalam
2021-06-23 16:16:29,579:INFO:: {0: 'surfing', 1: 'Todolist', 2: 'parking', 3: 'dogs', 4: 'cat', 6: 'malayalam', 7: 'unhappy', 8: 'encyclopediau', 9: 'seequoiaL', 10: 'computer', 11: 'science', 12: 'ADF', 13: 'data', 15: 'GFGaBste4oCS'}
2021-06-23 16:16:29,580:INFO:: ['s', 'rf', 'ng']
2021-06-23 16:16:29,580:INFO:: ['T', 'd', 'l', 'st']
2021-06-23 16:16:29,580:INFO:: ['p', 'rk', 'ng']
2021-06-23 16:16:29,580:INFO:: ['d', 'gs']
2021-06-23 16:16:29,580:INFO:: ['c', 't']
2021-06-23 16:16:29,580:INFO:: ['s', 'rf', 'ng']
2021-06-23 16:16:29,580:INFO:: ['m', 'l', 'y', 'l', 'm']
2021-06-23 16:16:29,580:INFO:: ['', 'nh', 'ppy']
2021-06-23 16:16:29,581:INFO:: ['', 'ncycl', 'p', 'd', '', '', '']
2021-06-23 16:16:29,581:INFO:: ['s', '', 'q', '', '', '', 'L']
2021-06-23 16:16:29,581:INFO:: ['c', 'mp', 't', 'r']
2021-06-23 16:16:29,581:INFO:: ['sc', '', 'nc', '']
2021-06-23 16:16:29,581:INFO:: ['ADF']
2021-06-23 16:16:29,581:INFO:: ['d', 't', '']
2021-06-23 16:16:29,581:INFO:: ['sc', '', 'nc', '']
2021-06-23 16:16:29,582:INFO:: ['GFG', 'Bst', '4', 'CS']
2021-06-23 16:16:29,582:INFO:: ['srfng', 'Tdlst', 'prkng', 'dgs', 'ct', 'srfng', 'mlylm', 'nhppy', 'ncyclpd', 'sqL', 'cmptr', 'scnc', 'ADF', 'dt', 'scnc', 'GFGBst4CS']
2021-06-24 10:45:48,113:INFO:The number of words having ending with "ing" is: 3
2021-06-24 10:45:48,115:INFO:The number of words having prefix "To" is : 1
2021-06-24 10:45:48,115:INFO:Maximum char is: surfing
2021-06-24 10:45:48,115:INFO:The Palindrome is: malayalam
2021-06-24 10:45:48,116:INFO:: ['surfing']
2021-06-24 10:45:48,116:INFO:: ['Todolist']
2021-06-24 10:45:48,116:INFO:: ['parking']
2021-06-24 10:45:48,116:INFO:: ['dogs']
2021-06-24 10:45:48,116:INFO:: ['cat']
2021-06-24 10:45:48,116:INFO:: ['surfing']
2021-06-24 10:45:48,117:INFO:: ['malayalam']
2021-06-24 10:45:48,117:INFO:: ['unhappy']
2021-06-24 10:45:48,117:INFO:: ['encyclopediau']
2021-06-24 10:45:48,117:INFO:: ['seequoiaL']
2021-06-24 10:45:48,117:INFO:: ['computer']
2021-06-24 10:45:48,117:INFO:: ['science']
2021-06-24 10:45:48,117:INFO:: ['ADF']
2021-06-24 10:45:48,117:INFO:: ['data']
2021-06-24 10:45:48,117:INFO:: ['science']
2021-06-24 10:45:48,118:INFO:: ['GFGaBste4oCS']
2021-06-24 10:45:48,118:INFO:The Palindrome is: malayalam
2021-06-24 10:45:48,118:INFO:: {0: 'surfing', 1: 'Todolist', 2: 'parking', 3: 'dogs', 4: 'cat', 6: 'malayalam', 7: 'unhappy', 8: 'encyclopediau', 9: 'seequoiaL', 10: 'computer', 11: 'science', 12: 'ADF', 13: 'data', 15: 'GFGaBste4oCS'}
2021-06-24 10:45:48,119:INFO:: ['s', 'rf', 'ng']
2021-06-24 10:45:48,119:INFO:: ['T', 'd', 'l', 'st']
2021-06-24 10:45:48,119:INFO:: ['p', 'rk', 'ng']
2021-06-24 10:45:48,119:INFO:: ['d', 'gs']
2021-06-24 10:45:48,120:INFO:: ['c', 't']
2021-06-24 10:45:48,120:INFO:: ['s', 'rf', 'ng']
2021-06-24 10:45:48,120:INFO:: ['m', 'l', 'y', 'l', 'm']
2021-06-24 10:45:48,120:INFO:: ['', 'nh', 'ppy']
2021-06-24 10:45:48,120:INFO:: ['', 'ncycl', 'p', 'd', '', '', '']
2021-06-24 10:45:48,120:INFO:: ['s', '', 'q', '', '', '', 'L']
2021-06-24 10:45:48,120:INFO:: ['c', 'mp', 't', 'r']
2021-06-24 10:45:48,121:INFO:: ['sc', '', 'nc', '']
2021-06-24 10:45:48,121:INFO:: ['ADF']
2021-06-24 10:45:48,121:INFO:: ['d', 't', '']
2021-06-24 10:45:48,121:INFO:: ['sc', '', 'nc', '']
2021-06-24 10:45:48,121:INFO:: ['GFG', 'Bst', '4', 'CS']
2021-06-24 10:45:48,121:INFO:: ['srfng', 'Tdlst', 'prkng', 'dgs', 'ct', 'srfng', 'mlylm', 'nhppy', 'ncyclpd', 'sqL', 'cmptr', 'scnc', 'ADF', 'dt', 'scnc', 'GFGBst4CS']
2021-06-24 10:48:45,504:INFO:The number of words having ending with "ing" is: 3
2021-06-24 10:48:45,504:INFO:The number of words having prefix "To" is : 1
2021-06-24 10:48:45,505:INFO:Maximum char is: surfing
2021-06-24 10:48:45,505:INFO:The Palindrome is: malayalam
2021-06-24 10:48:45,505:INFO:: ['surfing']
2021-06-24 10:48:45,506:INFO:: ['Todolist']
2021-06-24 10:48:45,506:INFO:: ['parking']
2021-06-24 10:48:45,506:INFO:: ['dogs']
2021-06-24 10:48:45,506:INFO:: ['cat']
2021-06-24 10:48:45,506:INFO:: ['surfing']
2021-06-24 10:48:45,506:INFO:: ['malayalam']
2021-06-24 10:48:45,506:INFO:: ['unhappy']
2021-06-24 10:48:45,506:INFO:: ['encyclopediau']
2021-06-24 10:48:45,506:INFO:: ['seequoiaL']
2021-06-24 10:48:45,507:INFO:: ['computer']
2021-06-24 10:48:45,507:INFO:: ['science']
2021-06-24 10:48:45,507:INFO:: ['ADF']
2021-06-24 10:48:45,507:INFO:: ['data']
2021-06-24 10:48:45,507:INFO:: ['science']
2021-06-24 10:48:45,507:INFO:: ['GFGaBste4oCS']
2021-06-24 10:48:45,507:INFO:The Palindrome is: malayalam
2021-06-24 10:48:45,508:INFO:: {0: 'surfing', 1: 'Todolist', 2: 'parking', 3: 'dogs', 4: 'cat', 6: 'malayalam', 7: 'unhappy', 8: 'encyclopediau', 9: 'seequoiaL', 10: 'computer', 11: 'science', 12: 'ADF', 13: 'data', 15: 'GFGaBste4oCS'}
2021-06-24 10:48:45,508:INFO:: ['s', 'rf', 'ng']
2021-06-24 10:48:45,509:INFO:: ['T', 'd', 'l', 'st']
2021-06-24 10:48:45,509:INFO:: ['p', 'rk', 'ng']
2021-06-24 10:48:45,509:INFO:: ['d', 'gs']
2021-06-24 10:48:45,509:INFO:: ['c', 't']
2021-06-24 10:48:45,509:INFO:: ['s', 'rf', 'ng']
2021-06-24 10:48:45,509:INFO:: ['m', 'l', 'y', 'l', 'm']
2021-06-24 10:48:45,509:INFO:: ['', 'nh', 'ppy']
2021-06-24 10:48:45,510:INFO:: ['', 'ncycl', 'p', 'd', '', '', '']
2021-06-24 10:48:45,510:INFO:: ['s', '', 'q', '', '', '', 'L']
2021-06-24 10:48:45,510:INFO:: ['c', 'mp', 't', 'r']
2021-06-24 10:48:45,510:INFO:: ['sc', '', 'nc', '']
2021-06-24 10:48:45,510:INFO:: ['ADF']
2021-06-24 10:48:45,510:INFO:: ['d', 't', '']
2021-06-24 10:48:45,510:INFO:: ['sc', '', 'nc', '']
2021-06-24 10:48:45,511:INFO:: ['GFG', 'Bst', '4', 'CS']
2021-06-24 10:48:45,511:INFO:: ['srfng', 'Tdlst', 'prkng', 'dgs', 'ct', 'srfng', 'mlylm', 'nhppy', 'ncyclpd', 'sqL', 'cmptr', 'scnc', 'ADF', 'dt', 'scnc', 'GFGBst4CS']
2021-06-24 10:52:36,584:INFO:The number of words having ending with "ing" is: 3
2021-06-24 10:52:36,584:INFO:The number of words having prefix "To" is : 1
2021-06-24 10:52:36,585:INFO:Maximum char is: surfing
2021-06-24 10:52:36,586:INFO:The Palindrome is: malayalam
2021-06-24 10:52:36,586:INFO:: ['surfing']
2021-06-24 10:52:36,586:INFO:: ['Todolist']
2021-06-24 10:52:36,586:INFO:: ['parking']
2021-06-24 10:52:36,587:INFO:: ['dogs']
2021-06-24 10:52:36,587:INFO:: ['cat']
2021-06-24 10:52:36,587:INFO:: ['surfing']
2021-06-24 10:52:36,587:INFO:: ['malayalam']
2021-06-24 10:52:36,587:INFO:: ['unhappy']
2021-06-24 10:52:36,587:INFO:: ['encyclopediau']
2021-06-24 10:52:36,588:INFO:: ['seequoiaL']
2021-06-24 10:52:36,588:INFO:: ['computer']
2021-06-24 10:52:36,588:INFO:: ['science']
2021-06-24 10:52:36,588:INFO:: ['ADF']
2021-06-24 10:52:36,589:INFO:: ['data']
2021-06-24 10:52:36,589:INFO:: ['science']
2021-06-24 10:52:36,589:INFO:: ['GFGaBste4oCS']
2021-06-24 10:52:36,590:INFO:The Palindrome is: malayalam
2021-06-24 10:52:36,590:INFO:: {0: 'surfing', 1: 'Todolist', 2: 'parking', 3: 'dogs', 4: 'cat', 6: 'malayalam', 7: 'unhappy', 8: 'encyclopediau', 9: 'seequoiaL', 10: 'computer', 11: 'science', 12: 'ADF', 13: 'data', 15: 'GFGaBste4oCS'}
2021-06-24 10:52:36,591:INFO:: ['s', 'rf', 'ng']
2021-06-24 10:52:36,591:INFO:: ['T', 'd', 'l', 'st']
2021-06-24 10:52:36,591:INFO:: ['p', 'rk', 'ng']
2021-06-24 10:52:36,592:INFO:: ['d', 'gs']
2021-06-24 10:52:36,592:INFO:: ['c', 't']
2021-06-24 10:52:36,592:INFO:: ['s', 'rf', 'ng']
2021-06-24 10:52:36,592:INFO:: ['m', 'l', 'y', 'l', 'm']
2021-06-24 10:52:36,592:INFO:: ['', 'nh', 'ppy']
2021-06-24 10:52:36,593:INFO:: ['', 'ncycl', 'p', 'd', '', '', '']
2021-06-24 10:52:36,593:INFO:: ['s', '', 'q', '', '', '', 'L']
2021-06-24 10:52:36,593:INFO:: ['c', 'mp', 't', 'r']
2021-06-24 10:52:36,593:INFO:: ['sc', '', 'nc', '']
2021-06-24 10:52:36,593:INFO:: ['ADF']
2021-06-24 10:52:36,594:INFO:: ['d', 't', '']
2021-06-24 10:52:36,595:INFO:: ['sc', '', 'nc', '']
2021-06-24 10:52:36,595:INFO:: ['GFG', 'Bst', '4', 'CS']
2021-06-24 10:52:36,595:INFO:: ['srfng', 'Tdlst', 'prkng', 'dgs', 'ct', 'srfng', 'mlylm', 'nhppy', 'ncyclpd', 'sqL', 'cmptr', 'scnc', 'ADF', 'dt', 'scnc', 'GFGBst4CS']
2021-06-24 10:54:54,278:INFO:The number of words having ending with "ing" is: 3
2021-06-24 10:54:54,278:INFO:The number of words having prefix "To" is : 1
2021-06-24 10:54:54,279:INFO:Maximum char is: surfing
2021-06-24 10:54:54,279:INFO:The Palindrome is: malayalam
2021-06-24 10:54:54,280:INFO:: ['surfing']
2021-06-24 10:54:54,280:INFO:: ['Todolist']
2021-06-24 10:54:54,280:INFO:: ['parking']
2021-06-24 10:54:54,280:INFO:: ['dogs']
2021-06-24 10:54:54,280:INFO:: ['cat']
2021-06-24 10:54:54,280:INFO:: ['surfing']
2021-06-24 10:54:54,280:INFO:: ['malayalam']
2021-06-24 10:54:54,281:INFO:: ['unhappy']
2021-06-24 10:54:54,281:INFO:: ['encyclopediau']
2021-06-24 10:54:54,281:INFO:: ['seequoiaL']
2021-06-24 10:54:54,281:INFO:: ['computer']
2021-06-24 10:54:54,281:INFO:: ['science']
2021-06-24 10:54:54,281:INFO:: ['ADF']
2021-06-24 10:54:54,281:INFO:: ['data']
2021-06-24 10:54:54,281:INFO:: ['science']
2021-06-24 10:54:54,282:INFO:: ['GFGaBste4oCS']
2021-06-24 10:54:54,282:INFO:The Palindrome is: malayalam
2021-06-24 10:54:54,282:INFO:: {0: 'surfing', 1: 'Todolist', 2: 'parking', 3: 'dogs', 4: 'cat', 6: 'malayalam', 7: 'unhappy', 8: 'encyclopediau', 9: 'seequoiaL', 10: 'computer', 11: 'science', 12: 'ADF', 13: 'data', 15: 'GFGaBste4oCS'}
2021-06-24 10:54:54,283:INFO:: ['s', 'rf', 'ng']
2021-06-24 10:54:54,283:INFO:: ['T', 'd', 'l', 'st']
2021-06-24 10:54:54,284:INFO:: ['p', 'rk', 'ng']
2021-06-24 10:54:54,284:INFO:: ['d', 'gs']
2021-06-24 10:54:54,284:INFO:: ['c', 't']
2021-06-24 10:54:54,284:INFO:: ['s', 'rf', 'ng']
2021-06-24 10:54:54,284:INFO:: ['m', 'l', 'y', 'l', 'm']
2021-06-24 10:54:54,284:INFO:: ['', 'nh', 'ppy']
2021-06-24 10:54:54,284:INFO:: ['', 'ncycl', 'p', 'd', '', '', '']
2021-06-24 10:54:54,284:INFO:: ['s', '', 'q', '', '', '', 'L']
2021-06-24 10:54:54,285:INFO:: ['c', 'mp', 't', 'r']
2021-06-24 10:54:54,285:INFO:: ['sc', '', 'nc', '']
2021-06-24 10:54:54,285:INFO:: ['ADF']
2021-06-24 10:54:54,285:INFO:: ['d', 't', '']
2021-06-24 10:54:54,285:INFO:: ['sc', '', 'nc', '']
2021-06-24 10:54:54,285:INFO:: ['GFG', 'Bst', '4', 'CS']
2021-06-24 10:54:54,285:INFO:: ['srfng', 'Tdlst', 'prkng', 'dgs', 'ct', 'srfng', 'mlylm', 'nhppy', 'ncyclpd', 'sqL', 'cmptr', 'scnc', 'ADF', 'dt', 'scnc', 'GFGBst4CS']
2021-06-24 11:04:41,948:INFO:The number of words having ending with "ing" is: 3
2021-06-24 11:04:41,948:INFO:The number of words having prefix "To" is : 1
2021-06-24 11:04:41,949:INFO:Maximum char is: surfing
2021-06-24 11:04:41,949:INFO:The Palindrome is: malayalam
2021-06-24 11:04:41,949:INFO:: ['surfing']
2021-06-24 11:04:41,950:INFO:: ['Todolist']
2021-06-24 11:04:41,950:INFO:: ['parking']
2021-06-24 11:04:41,950:INFO:: ['dogs']
2021-06-24 11:04:41,950:INFO:: ['cat']
2021-06-24 11:04:41,950:INFO:: ['surfing']
2021-06-24 11:04:41,950:INFO:: ['malayalam']
2021-06-24 11:04:41,950:INFO:: ['unhappy']
2021-06-24 11:04:41,950:INFO:: ['encyclopediau']
2021-06-24 11:04:41,950:INFO:: ['seequoiaL']
2021-06-24 11:04:41,951:INFO:: ['computer']
2021-06-24 11:04:41,951:INFO:: ['science']
2021-06-24 11:04:41,951:INFO:: ['ADF']
2021-06-24 11:04:41,951:INFO:: ['data']
2021-06-24 11:04:41,952:INFO:: ['science']
2021-06-24 11:04:41,952:INFO:: ['GFGaBste4oCS']
2021-06-24 11:04:41,952:INFO:The Palindrome is: malayalam
2021-06-24 11:04:41,953:INFO:: {0: 'surfing', 1: 'Todolist', 2: 'parking', 3: 'dogs', 4: 'cat', 6: 'malayalam', 7: 'unhappy', 8: 'encyclopediau', 9: 'seequoiaL', 10: 'computer', 11: 'science', 12: 'ADF', 13: 'data', 15: 'GFGaBste4oCS'}
2021-06-24 11:04:41,953:INFO:: ['s', 'rf', 'ng']
2021-06-24 11:04:41,953:INFO:: ['T', 'd', 'l', 'st']
2021-06-24 11:04:41,953:INFO:: ['p', 'rk', 'ng']
2021-06-24 11:04:41,954:INFO:: ['d', 'gs']
2021-06-24 11:04:41,954:INFO:: ['c', 't']
2021-06-24 11:04:41,954:INFO:: ['s', 'rf', 'ng']
2021-06-24 11:04:41,954:INFO:: ['m', 'l', 'y', 'l', 'm']
2021-06-24 11:04:41,954:INFO:: ['', 'nh', 'ppy']
2021-06-24 11:04:41,954:INFO:: ['', 'ncycl', 'p', 'd', '', '', '']
2021-06-24 11:04:41,954:INFO:: ['s', '', 'q', '', '', '', 'L']
2021-06-24 11:04:41,954:INFO:: ['c', 'mp', 't', 'r']
2021-06-24 11:04:41,955:INFO:: ['sc', '', 'nc', '']
2021-06-24 11:04:41,955:INFO:: ['ADF']
2021-06-24 11:04:41,955:INFO:: ['d', 't', '']
2021-06-24 11:04:41,955:INFO:: ['sc', '', 'nc', '']
2021-06-24 11:04:41,955:INFO:: ['GFG', 'Bst', '4', 'CS']
2021-06-24 11:04:41,955:INFO:: ['srfng', 'Tdlst', 'prkng', 'dgs', 'ct', 'srfng', 'mlylm', 'nhppy', 'ncyclpd', 'sqL', 'cmptr', 'scnc', 'ADF', 'dt', 'scnc', 'GFGBst4CS']
2021-06-24 11:10:30,011:INFO:The number of words having ending with "ing" is: 3
2021-06-24 11:10:30,012:INFO:The number of words having prefix "To" is : 1
2021-06-24 11:10:30,012:INFO:Maximum char is: surfing
2021-06-24 11:10:30,013:INFO:The Palindrome is: malayalam
2021-06-24 11:10:30,013:INFO:: ['surfing']
2021-06-24 11:10:30,013:INFO:: ['Todolist']
2021-06-24 11:10:30,013:INFO:: ['parking']
2021-06-24 11:10:30,013:INFO:: ['dogs']
2021-06-24 11:10:30,014:INFO:: ['cat']
2021-06-24 11:10:30,014:INFO:: ['surfing']
2021-06-24 11:10:30,014:INFO:: ['malayalam']
2021-06-24 11:10:30,014:INFO:: ['unhappy']
2021-06-24 11:10:30,014:INFO:: ['encyclopediau']
2021-06-24 11:10:30,014:INFO:: ['seequoiaL']
2021-06-24 11:10:30,014:INFO:: ['computer']
2021-06-24 11:10:30,014:INFO:: ['science']
2021-06-24 11:10:30,015:INFO:: ['ADF']
2021-06-24 11:10:30,015:INFO:: ['data']
2021-06-24 11:10:30,015:INFO:: ['science']
2021-06-24 11:10:30,015:INFO:: ['GFGaBste4oCS']
2021-06-24 11:10:30,015:INFO:The Palindrome is: malayalam
2021-06-24 11:10:30,016:INFO:: {0: 'surfing', 1: 'Todolist', 2: 'parking', 3: 'dogs', 4: 'cat', 6: 'malayalam', 7: 'unhappy', 8: 'encyclopediau', 9: 'seequoiaL', 10: 'computer', 11: 'science', 12: 'ADF', 13: 'data', 15: 'GFGaBste4oCS'}
2021-06-24 11:10:30,016:INFO:: ['s', 'rf', 'ng']
2021-06-24 11:10:30,017:INFO:: ['T', 'd', 'l', 'st']
2021-06-24 11:10:30,017:INFO:: ['p', 'rk', 'ng']
2021-06-24 11:10:30,017:INFO:: ['d', 'gs']
2021-06-24 11:10:30,017:INFO:: ['c', 't']
2021-06-24 11:10:30,017:INFO:: ['s', 'rf', 'ng']
2021-06-24 11:10:30,017:INFO:: ['m', 'l', 'y', 'l', 'm']
2021-06-24 11:10:30,017:INFO:: ['', 'nh', 'ppy']
2021-06-24 11:10:30,018:INFO:: ['', 'ncycl', 'p', 'd', '', '', '']
2021-06-24 11:10:30,018:INFO:: ['s', '', 'q', '', '', '', 'L']
2021-06-24 11:10:30,018:INFO:: ['c', 'mp', 't', 'r']
2021-06-24 11:10:30,018:INFO:: ['sc', '', 'nc', '']
2021-06-24 11:10:30,018:INFO:: ['ADF']
2021-06-24 11:10:30,018:INFO:: ['d', 't', '']
2021-06-24 11:10:30,018:INFO:: ['sc', '', 'nc', '']
2021-06-24 11:10:30,018:INFO:: ['GFG', 'Bst', '4', 'CS']
2021-06-24 11:10:30,019:INFO:: ['srfng', 'Tdlst', 'prkng', 'dgs', 'ct', 'srfng', 'mlylm', 'nhppy', 'ncyclpd', 'sqL', 'cmptr', 'scnc', 'ADF', 'dt', 'scnc', 'GFGBst4CS']
2021-06-24 14:05:38,401:INFO:The number of words having ending with "ing" is: 3
2021-06-24 14:05:38,422:INFO:The number of words having prefix "To" is : 1
2021-06-24 14:05:38,422:INFO:Maximum char is: surfing
2021-06-24 14:05:38,423:INFO:The Palindrome is: malayalam
2021-06-24 14:05:38,423:INFO:: ['surfing']
2021-06-24 14:05:38,423:INFO:The Palindrome is: malayalam
2021-06-24 14:05:38,424:INFO:: {0: 'surfing', 1: 'Todolist', 2: 'parking', 3: 'dogs', 4: 'cat', 6: 'malayalam', 7: 'unhappy', 8: 'encyclopediau', 9: 'seequoiaL', 10: 'computer', 11: 'science', 12: 'ADF', 13: 'data', 15: 'GFGaBste4oCS'}
2021-06-24 14:05:38,424:INFO:: ['s', 'rf', 'ng']
2021-06-24 14:05:38,424:INFO:: ['T', 'd', 'l', 'st']
2021-06-24 14:05:38,424:INFO:: ['p', 'rk', 'ng']
2021-06-24 14:05:38,424:INFO:: ['d', 'gs']
2021-06-24 14:05:38,424:INFO:: ['c', 't']
2021-06-24 14:05:38,424:INFO:: ['s', 'rf', 'ng']
2021-06-24 14:05:38,424:INFO:: ['m', 'l', 'y', 'l', 'm']
2021-06-24 14:05:38,424:INFO:: ['', 'nh', 'ppy']
2021-06-24 14:05:38,424:INFO:: ['', 'ncycl', 'p', 'd', '', '', '']
2021-06-24 14:05:38,425:INFO:: ['s', '', 'q', '', '', '', 'L']
2021-06-24 14:05:38,425:INFO:: ['c', 'mp', 't', 'r']
2021-06-24 14:05:38,425:INFO:: ['sc', '', 'nc', '']
2021-06-24 14:05:38,425:INFO:: ['ADF']
2021-06-24 14:05:38,425:INFO:: ['d', 't', '']
2021-06-24 14:05:38,425:INFO:: ['sc', '', 'nc', '']
2021-06-24 14:05:38,425:INFO:: ['GFG', 'Bst', '4', 'CS']
2021-06-24 14:05:38,425:INFO:: ['srfng', 'Tdlst', 'prkng', 'dgs', 'ct', 'srfng', 'mlylm', 'nhppy', 'ncyclpd', 'sqL', 'cmptr', 'scnc', 'ADF', 'dt', 'scnc', 'GFGBst4CS']
2021-06-24 15:58:21,208:INFO:The number of words having ending with "ing" is: 3
2021-06-24 15:58:21,210:INFO:The number of words having prefix "To" is : 1
2021-06-24 15:58:21,211:INFO:Maximum char is: surfing
2021-06-24 15:58:21,212:INFO:The Palindrome is: malayalam
2021-06-24 15:58:21,213:INFO:: ['surfing']
2021-06-24 15:58:21,214:INFO:The Palindrome is: malayalam
2021-06-24 15:58:21,214:INFO:: {0: 'surfing', 1: 'Todolist', 2: 'parking', 3: 'dogs', 4: 'cat', 6: 'malayalam', 7: 'unhappy', 8: 'encyclopediau', 9: 'seequoiaL', 10: 'computer', 11: 'science', 12: 'ADF', 13: 'data', 15: 'GFGaBste4oCS'}
2021-06-24 15:58:21,215:INFO:: ['s', 'rf', 'ng']
2021-06-24 15:58:21,216:INFO:: ['T', 'd', 'l', 'st']
2021-06-24 15:58:21,216:INFO:: ['p', 'rk', 'ng']
2021-06-24 15:58:21,217:INFO:: ['d', 'gs']
2021-06-24 15:58:21,218:INFO:: ['c', 't']
2021-06-24 15:58:21,218:INFO:: ['s', 'rf', 'ng']
2021-06-24 15:58:21,218:INFO:: ['m', 'l', 'y', 'l', 'm']
2021-06-24 15:58:21,219:INFO:: ['', 'nh', 'ppy']
2021-06-24 15:58:21,219:INFO:: ['', 'ncycl', 'p', 'd', '', '', '']
2021-06-24 15:58:21,220:INFO:: ['s', '', 'q', '', '', '', 'L']
2021-06-24 15:58:21,220:INFO:: ['c', 'mp', 't', 'r']
2021-06-24 15:58:21,221:INFO:: ['sc', '', 'nc', '']
2021-06-24 15:58:21,221:INFO:: ['ADF']
2021-06-24 15:58:21,221:INFO:: ['d', 't', '']
2021-06-24 15:58:21,222:INFO:: ['sc', '', 'nc', '']
2021-06-24 15:58:21,222:INFO:: ['GFG', 'Bst', '4', 'CS']
2021-06-24 15:58:21,223:INFO:: ['srfng', 'Tdlst', 'prkng', 'dgs', 'ct', 'srfng', 'mlylm', 'nhppy', 'ncyclpd', 'sqL', 'cmptr', 'scnc', 'ADF', 'dt', 'scnc', 'GFGBst4CS']
2021-06-24 16:02:55,558:INFO:The number of words having ending with "ing" is: 3
2021-06-24 16:02:55,558:INFO:The number of words having prefix "To" is : 1
2021-06-24 16:02:55,559:INFO:Maximum char is: surfing
2021-06-24 16:02:55,560:INFO:The Palindrome is: malayalam
2021-06-24 16:02:55,561:INFO:: ['surfing']
2021-06-24 16:02:55,561:INFO:The Palindrome is: malayalam
2021-06-24 16:02:55,562:INFO:: {0: 'surfing', 1: 'Todolist', 2: 'parking', 3: 'dogs', 4: 'cat', 6: 'malayalam', 7: 'unhappy', 8: 'encyclopediau', 9: 'seequoiaL', 10: 'computer', 11: 'science', 12: 'ADF', 13: 'data', 15: 'GFGaBste4oCS'}
2021-06-24 16:02:55,563:INFO:: ['s', 'rf', 'ng']
2021-06-24 16:02:55,563:INFO:: ['T', 'd', 'l', 'st']
2021-06-24 16:02:55,564:INFO:: ['p', 'rk', 'ng']
2021-06-24 16:02:55,564:INFO:: ['d', 'gs']
2021-06-24 16:02:55,564:INFO:: ['c', 't']
2021-06-24 16:02:55,565:INFO:: ['s', 'rf', 'ng']
2021-06-24 16:02:55,565:INFO:: ['m', 'l', 'y', 'l', 'm']
2021-06-24 16:02:55,566:INFO:: ['', 'nh', 'ppy']
2021-06-24 16:02:55,566:INFO:: ['', 'ncycl', 'p', 'd', '', '', '']
2021-06-24 16:02:55,567:INFO:: ['s', '', 'q', '', '', '', 'L']
2021-06-24 16:02:55,567:INFO:: ['c', 'mp', 't', 'r']
2021-06-24 16:02:55,568:INFO:: ['sc', '', 'nc', '']
2021-06-24 16:02:55,569:INFO:: ['ADF']
2021-06-24 16:02:55,570:INFO:: ['d', 't', '']
2021-06-24 16:02:55,571:INFO:: ['sc', '', 'nc', '']
2021-06-24 16:02:55,572:INFO:: ['GFG', 'Bst', '4', 'CS']
2021-06-24 16:02:55,574:INFO:: ['srfng', 'Tdlst', 'prkng', 'dgs', 'ct', 'srfng', 'mlylm', 'nhppy', 'ncyclpd', 'sqL', 'cmptr', 'scnc', 'ADF', 'dt', 'scnc', 'GFGBst4CS']
